2024/07/21 12:14:58 main.go:15: test
2024/07/21 12:15:08 main.go:15: test
2024/07/21 12:22:26 base.go:21: sql: unknown driver "sqlite3" (forgotten import?)
2024/07/21 13:50:39 server.go:3418: http: panic serving [::1]:59734: runtime error: invalid memory address or nil pointer dereference
goroutine 4 [running]:
net/http.(*conn).serve.func1()
	/opt/homebrew/Cellar/go/1.22.5/libexec/src/net/http/server.go:1903 +0xb0
panic({0x103492760?, 0x103711470?})
	/opt/homebrew/Cellar/go/1.22.5/libexec/src/runtime/panic.go:770 +0x124
html/template.(*Template).escape(0x103494480?)
	/opt/homebrew/Cellar/go/1.22.5/libexec/src/html/template/template.go:97 +0x24
html/template.(*Template).Execute(0x0, {0x1034f0e38, 0x140001600e0}, {0x0, 0x0})
	/opt/homebrew/Cellar/go/1.22.5/libexec/src/html/template/template.go:121 +0x30
todo_app/app/controllers.top({0x1034f2c68, 0x140001600e0}, 0x1400013db18?)
	/Users/machida-yosuke/go-lang-learn/src/todo_app/app/controllers/route_main.go:10 +0x88
net/http.HandlerFunc.ServeHTTP(0x10375b260?, {0x1034f2c68?, 0x140001600e0?}, 0x103239298?)
	/opt/homebrew/Cellar/go/1.22.5/libexec/src/net/http/server.go:2171 +0x38
net/http.(*ServeMux).ServeHTTP(0x0?, {0x1034f2c68, 0x140001600e0}, 0x14000000a20)
	/opt/homebrew/Cellar/go/1.22.5/libexec/src/net/http/server.go:2688 +0x1a4
net/http.serverHandler.ServeHTTP({0x1400007f4d0?}, {0x1034f2c68?, 0x140001600e0?}, 0x6?)
	/opt/homebrew/Cellar/go/1.22.5/libexec/src/net/http/server.go:3142 +0xbc
net/http.(*conn).serve(0x1400015e090, {0x1034f3368, 0x1400007f3e0})
	/opt/homebrew/Cellar/go/1.22.5/libexec/src/net/http/server.go:2044 +0x508
created by net/http.(*Server).Serve in goroutine 1
	/opt/homebrew/Cellar/go/1.22.5/libexec/src/net/http/server.go:3290 +0x3f0
2024/07/21 13:50:40 server.go:3418: http: panic serving [::1]:59735: runtime error: invalid memory address or nil pointer dereference
goroutine 6 [running]:
net/http.(*conn).serve.func1()
	/opt/homebrew/Cellar/go/1.22.5/libexec/src/net/http/server.go:1903 +0xb0
panic({0x103492760?, 0x103711470?})
	/opt/homebrew/Cellar/go/1.22.5/libexec/src/runtime/panic.go:770 +0x124
html/template.(*Template).escape(0x103494480?)
	/opt/homebrew/Cellar/go/1.22.5/libexec/src/html/template/template.go:97 +0x24
html/template.(*Template).Execute(0x0, {0x1034f0e38, 0x140001602a0}, {0x0, 0x0})
	/opt/homebrew/Cellar/go/1.22.5/libexec/src/html/template/template.go:121 +0x30
todo_app/app/controllers.top({0x1034f2c68, 0x140001602a0}, 0x14000069b18?)
	/Users/machida-yosuke/go-lang-learn/src/todo_app/app/controllers/route_main.go:10 +0x88
net/http.HandlerFunc.ServeHTTP(0x10375b260?, {0x1034f2c68?, 0x140001602a0?}, 0x103239298?)
	/opt/homebrew/Cellar/go/1.22.5/libexec/src/net/http/server.go:2171 +0x38
net/http.(*ServeMux).ServeHTTP(0x0?, {0x1034f2c68, 0x140001602a0}, 0x14000000ea0)
	/opt/homebrew/Cellar/go/1.22.5/libexec/src/net/http/server.go:2688 +0x1a4
net/http.serverHandler.ServeHTTP({0x1400007f6b0?}, {0x1034f2c68?, 0x140001602a0?}, 0x6?)
	/opt/homebrew/Cellar/go/1.22.5/libexec/src/net/http/server.go:3142 +0xbc
net/http.(*conn).serve(0x1400015e240, {0x1034f3368, 0x1400007f3e0})
	/opt/homebrew/Cellar/go/1.22.5/libexec/src/net/http/server.go:2044 +0x508
created by net/http.(*Server).Serve in goroutine 1
	/opt/homebrew/Cellar/go/1.22.5/libexec/src/net/http/server.go:3290 +0x3f0
2024/07/21 13:50:45 server.go:3418: http: panic serving [::1]:59736: runtime error: invalid memory address or nil pointer dereference
goroutine 8 [running]:
net/http.(*conn).serve.func1()
	/opt/homebrew/Cellar/go/1.22.5/libexec/src/net/http/server.go:1903 +0xb0
panic({0x103492760?, 0x103711470?})
	/opt/homebrew/Cellar/go/1.22.5/libexec/src/runtime/panic.go:770 +0x124
html/template.(*Template).escape(0x103494480?)
	/opt/homebrew/Cellar/go/1.22.5/libexec/src/html/template/template.go:97 +0x24
html/template.(*Template).Execute(0x0, {0x1034f0e38, 0x14000160460}, {0x0, 0x0})
	/opt/homebrew/Cellar/go/1.22.5/libexec/src/html/template/template.go:121 +0x30
todo_app/app/controllers.top({0x1034f2c68, 0x14000160460}, 0x14000069b18?)
	/Users/machida-yosuke/go-lang-learn/src/todo_app/app/controllers/route_main.go:10 +0x88
net/http.HandlerFunc.ServeHTTP(0x10375b260?, {0x1034f2c68?, 0x14000160460?}, 0x103239298?)
	/opt/homebrew/Cellar/go/1.22.5/libexec/src/net/http/server.go:2171 +0x38
net/http.(*ServeMux).ServeHTTP(0x0?, {0x1034f2c68, 0x14000160460}, 0x140000010e0)
	/opt/homebrew/Cellar/go/1.22.5/libexec/src/net/http/server.go:2688 +0x1a4
net/http.serverHandler.ServeHTTP({0x1400007f830?}, {0x1034f2c68?, 0x14000160460?}, 0x6?)
	/opt/homebrew/Cellar/go/1.22.5/libexec/src/net/http/server.go:3142 +0xbc
net/http.(*conn).serve(0x1400015e3f0, {0x1034f3368, 0x1400007f3e0})
	/opt/homebrew/Cellar/go/1.22.5/libexec/src/net/http/server.go:2044 +0x508
created by net/http.(*Server).Serve in goroutine 1
	/opt/homebrew/Cellar/go/1.22.5/libexec/src/net/http/server.go:3290 +0x3f0
2024/07/21 13:50:45 server.go:3418: http: panic serving [::1]:59737: runtime error: invalid memory address or nil pointer dereference
goroutine 10 [running]:
net/http.(*conn).serve.func1()
	/opt/homebrew/Cellar/go/1.22.5/libexec/src/net/http/server.go:1903 +0xb0
panic({0x103492760?, 0x103711470?})
	/opt/homebrew/Cellar/go/1.22.5/libexec/src/runtime/panic.go:770 +0x124
html/template.(*Template).escape(0x103494480?)
	/opt/homebrew/Cellar/go/1.22.5/libexec/src/html/template/template.go:97 +0x24
html/template.(*Template).Execute(0x0, {0x1034f0e38, 0x14000160620}, {0x0, 0x0})
	/opt/homebrew/Cellar/go/1.22.5/libexec/src/html/template/template.go:121 +0x30
todo_app/app/controllers.top({0x1034f2c68, 0x14000160620}, 0x14000069b18?)
	/Users/machida-yosuke/go-lang-learn/src/todo_app/app/controllers/route_main.go:10 +0x88
net/http.HandlerFunc.ServeHTTP(0x10375b260?, {0x1034f2c68?, 0x14000160620?}, 0x103239298?)
	/opt/homebrew/Cellar/go/1.22.5/libexec/src/net/http/server.go:2171 +0x38
net/http.(*ServeMux).ServeHTTP(0x0?, {0x1034f2c68, 0x14000160620}, 0x14000001320)
	/opt/homebrew/Cellar/go/1.22.5/libexec/src/net/http/server.go:2688 +0x1a4
net/http.serverHandler.ServeHTTP({0x1400007f9b0?}, {0x1034f2c68?, 0x14000160620?}, 0x6?)
	/opt/homebrew/Cellar/go/1.22.5/libexec/src/net/http/server.go:3142 +0xbc
net/http.(*conn).serve(0x1400015e5a0, {0x1034f3368, 0x1400007f3e0})
	/opt/homebrew/Cellar/go/1.22.5/libexec/src/net/http/server.go:2044 +0x508
created by net/http.(*Server).Serve in goroutine 1
	/opt/homebrew/Cellar/go/1.22.5/libexec/src/net/http/server.go:3290 +0x3f0
2024/07/21 13:50:46 server.go:3418: http: panic serving [::1]:59738: runtime error: invalid memory address or nil pointer dereference
goroutine 12 [running]:
net/http.(*conn).serve.func1()
	/opt/homebrew/Cellar/go/1.22.5/libexec/src/net/http/server.go:1903 +0xb0
panic({0x103492760?, 0x103711470?})
	/opt/homebrew/Cellar/go/1.22.5/libexec/src/runtime/panic.go:770 +0x124
html/template.(*Template).escape(0x103494480?)
	/opt/homebrew/Cellar/go/1.22.5/libexec/src/html/template/template.go:97 +0x24
html/template.(*Template).Execute(0x0, {0x1034f0e38, 0x140001607e0}, {0x0, 0x0})
	/opt/homebrew/Cellar/go/1.22.5/libexec/src/html/template/template.go:121 +0x30
todo_app/app/controllers.top({0x1034f2c68, 0x140001607e0}, 0x14000069b18?)
	/Users/machida-yosuke/go-lang-learn/src/todo_app/app/controllers/route_main.go:10 +0x88
net/http.HandlerFunc.ServeHTTP(0x10375b260?, {0x1034f2c68?, 0x140001607e0?}, 0x103239298?)
	/opt/homebrew/Cellar/go/1.22.5/libexec/src/net/http/server.go:2171 +0x38
net/http.(*ServeMux).ServeHTTP(0x0?, {0x1034f2c68, 0x140001607e0}, 0x14000001560)
	/opt/homebrew/Cellar/go/1.22.5/libexec/src/net/http/server.go:2688 +0x1a4
net/http.serverHandler.ServeHTTP({0x1400007fb30?}, {0x1034f2c68?, 0x140001607e0?}, 0x6?)
	/opt/homebrew/Cellar/go/1.22.5/libexec/src/net/http/server.go:3142 +0xbc
net/http.(*conn).serve(0x1400015e750, {0x1034f3368, 0x1400007f3e0})
	/opt/homebrew/Cellar/go/1.22.5/libexec/src/net/http/server.go:2044 +0x508
created by net/http.(*Server).Serve in goroutine 1
	/opt/homebrew/Cellar/go/1.22.5/libexec/src/net/http/server.go:3290 +0x3f0
2024/07/21 13:50:51 server.go:3418: http: panic serving [::1]:59740: runtime error: invalid memory address or nil pointer dereference
goroutine 14 [running]:
net/http.(*conn).serve.func1()
	/opt/homebrew/Cellar/go/1.22.5/libexec/src/net/http/server.go:1903 +0xb0
panic({0x103492760?, 0x103711470?})
	/opt/homebrew/Cellar/go/1.22.5/libexec/src/runtime/panic.go:770 +0x124
html/template.(*Template).escape(0x103494480?)
	/opt/homebrew/Cellar/go/1.22.5/libexec/src/html/template/template.go:97 +0x24
html/template.(*Template).Execute(0x0, {0x1034f0e38, 0x140001609a0}, {0x0, 0x0})
	/opt/homebrew/Cellar/go/1.22.5/libexec/src/html/template/template.go:121 +0x30
todo_app/app/controllers.top({0x1034f2c68, 0x140001609a0}, 0x14000069b18?)
	/Users/machida-yosuke/go-lang-learn/src/todo_app/app/controllers/route_main.go:10 +0x88
net/http.HandlerFunc.ServeHTTP(0x10375b260?, {0x1034f2c68?, 0x140001609a0?}, 0x103239298?)
	/opt/homebrew/Cellar/go/1.22.5/libexec/src/net/http/server.go:2171 +0x38
net/http.(*ServeMux).ServeHTTP(0x0?, {0x1034f2c68, 0x140001609a0}, 0x140000017a0)
	/opt/homebrew/Cellar/go/1.22.5/libexec/src/net/http/server.go:2688 +0x1a4
net/http.serverHandler.ServeHTTP({0x1400007fcb0?}, {0x1034f2c68?, 0x140001609a0?}, 0x6?)
	/opt/homebrew/Cellar/go/1.22.5/libexec/src/net/http/server.go:3142 +0xbc
net/http.(*conn).serve(0x1400015e900, {0x1034f3368, 0x1400007f3e0})
	/opt/homebrew/Cellar/go/1.22.5/libexec/src/net/http/server.go:2044 +0x508
created by net/http.(*Server).Serve in goroutine 1
	/opt/homebrew/Cellar/go/1.22.5/libexec/src/net/http/server.go:3290 +0x3f0
